

Version:	3.12
CmdLine:	C:\dropbox\Dropbox\git\foodel\distribution\foodel.exe --l4j-debug
WOW64:		yes
Working dir:	C:\dropbox\Dropbox\git\foodel\distribution\.
Java min ver:	
Java max ver:	
Bundled JRE:	C:\openJDK\openjdk-16.0.1\jdk-16.0.1\
Check launcher:	C:\openJDK\openjdk-16.0.1\jdk-16.0.1\bin\javaw.exe (not found)
Error msg:	This application was configured to use a bundled Java Runtime Environment but the runtime is missing or corrupted.


Version:	3.12
CmdLine:	C:\dropbox\Dropbox\git\foodel\distribution\foodel.exe --l4j-debug
WOW64:		yes
Working dir:	C:\dropbox\Dropbox\git\foodel\distribution\.
Java min ver:	
Java max ver:	
Bundled JRE:	C:\openJDK\openjdk-16.0.1\jdk-16.0.1\
Check launcher:	C:\openJDK\openjdk-16.0.1\jdk-16.0.1\bin\javaw.exe (OK)
Launcher:	C:\openJDK\openjdk-16.0.1\jdk-16.0.1\bin\javaw.exe
Launcher args:	-jar "C:\dropbox\Dropbox\git\foodel\distribution\foodel.exe"
Args length:	60/32768 chars
Exit code:	0
